Log file open, 11/01/20 08:10:04
LogWindows: Failed to load 'aqProf.dll' (GetLastError=126)
LogWindows: File 'aqProf.dll' does not exist
LogWindows: Failed to load 'VtuneApi.dll' (GetLastError=126)
LogWindows: File 'VtuneApi.dll' does not exist
LogWindows: Failed to load 'VtuneApi32e.dll' (GetLastError=126)
LogWindows: File 'VtuneApi32e.dll' does not exist
LogConsoleResponse: Display: Failed to find resolution value strings in scalability ini. Falling back to default.
LogInit: Display: Running engine for game: MyProject2
LogPlatformFile: Not using cached read wrapper
LogTaskGraph: Started task graph with 5 named threads and 23 total threads with 3 sets of task threads.
LogStats: Stats thread started at 0.140490
LogD3D11RHI: Loaded GFSDK_Aftermath_Lib.x64.dll
LogICUInternationalization: ICU TimeZone Detection - Raw Offset: +5:45, Platform Override: ''
LogPluginManager: Mounting plugin Paper2D
LogPluginManager: Mounting plugin AISupport
LogPluginManager: Mounting plugin LightPropagationVolume
LogPluginManager: Mounting plugin ActorLayerUtilities
LogPluginManager: Mounting plugin AnimationSharing
LogPluginManager: Mounting plugin CLionSourceCodeAccess
LogPluginManager: Mounting plugin CodeLiteSourceCodeAccess
LogPluginManager: Mounting plugin GitSourceControl
LogPluginManager: Mounting plugin KDevelopSourceCodeAccess
LogPluginManager: Mounting plugin NullSourceCodeAccess
LogPluginManager: Mounting plugin PerforceSourceControl
LogPluginManager: Mounting plugin SubversionSourceControl
LogPluginManager: Mounting plugin UObjectPlugin
LogPluginManager: Mounting plugin VisualStudioCodeSourceCodeAccess
LogPluginManager: Mounting plugin VisualStudioSourceCodeAccess
LogPluginManager: Mounting plugin XCodeSourceCodeAccess
LogPluginManager: Mounting plugin AssetManagerEditor
LogPluginManager: Mounting plugin CryptoKeys
LogPluginManager: Mounting plugin CurveEditorTools
LogPluginManager: Mounting plugin DataValidation
LogPluginManager: Mounting plugin FacialAnimation
LogPluginManager: Mounting plugin GameplayTagsEditor
LogPluginManager: Mounting plugin MacGraphicsSwitching
LogPluginManager: Mounting plugin MaterialAnalyzer
LogPluginManager: Mounting plugin MobileLauncherProfileWizard
LogPluginManager: Mounting plugin PluginBrowser
LogPluginManager: Mounting plugin SpeedTreeImporter
LogPluginManager: Mounting plugin DatasmithContent
LogPluginManager: Mounting plugin VariantManagerContent
LogPluginManager: Mounting plugin AlembicImporter
LogPluginManager: Mounting plugin AutomationUtils
LogPluginManager: Mounting plugin BackChannel
LogPluginManager: Mounting plugin CharacterAI
LogPluginManager: Mounting plugin GeometryCache
LogPluginManager: Mounting plugin HTML5Networking
LogPluginManager: Mounting plugin PlatformCrypto
LogPluginManager: Mounting plugin ProxyLODPlugin
LogPluginManager: Mounting plugin SkeletalReduction
LogPluginManager: Mounting plugin MagicLeap
LogPluginManager: Mounting plugin MagicLeapMedia
LogPluginManager: Mounting plugin AndroidMedia
LogPluginManager: Mounting plugin AvfMedia
LogPluginManager: Mounting plugin ImgMedia
LogPluginManager: Mounting plugin MediaCompositing
LogPluginManager: Mounting plugin MediaPlayerEditor
LogPluginManager: Mounting plugin WebMMedia
LogPluginManager: Mounting plugin WmfMedia
LogPluginManager: Mounting plugin TcpMessaging
LogPluginManager: Mounting plugin UdpMessaging
LogPluginManager: Mounting plugin ActorSequence
LogPluginManager: Mounting plugin LevelSequenceEditor
LogPluginManager: Mounting plugin MatineeToLevelSequence
LogPluginManager: Mounting plugin NetcodeUnitTest
LogPluginManager: Mounting plugin NUTUnrealEngine4
LogPluginManager: Mounting plugin OnlineSubsystemGooglePlay
LogPluginManager: Mounting plugin OnlineSubsystemIOS
LogPluginManager: Mounting plugin OnlineSubsystem
LogPluginManager: Mounting plugin OnlineSubsystemNull
LogPluginManager: Mounting plugin OnlineSubsystemUtils
LogPluginManager: Mounting plugin LauncherChunkInstaller
LogPluginManager: Mounting plugin AndroidDeviceProfileSelector
LogPluginManager: Mounting plugin AndroidMoviePlayer
LogPluginManager: Mounting plugin AndroidPermission
LogPluginManager: Mounting plugin AppleImageUtils
LogPluginManager: Mounting plugin AppleMoviePlayer
LogPluginManager: Mounting plugin ArchVisCharacter
LogPluginManager: Mounting plugin AudioCapture
LogPluginManager: Mounting plugin CableComponent
LogPluginManager: Mounting plugin CustomMeshComponent
LogPluginManager: Mounting plugin EditableMesh
LogPluginManager: Mounting plugin ExampleDeviceProfileSelector
LogPluginManager: Mounting plugin GoogleCloudMessaging
LogPluginManager: Mounting plugin IOSDeviceProfileSelector
LogPluginManager: Mounting plugin LinuxDeviceProfileSelector
LogPluginManager: Mounting plugin LocationServicesBPLibrary
LogPluginManager: Mounting plugin MobilePatchingUtils
LogPluginManager: Mounting plugin OculusVR
LogPluginManager: Mounting plugin PhysXVehicles
LogPluginManager: Mounting plugin ProceduralMeshComponent
LogPluginManager: Mounting plugin RuntimePhysXCooking
LogPluginManager: Mounting plugin SignificanceManager
LogPluginManager: Mounting plugin SteamVR
LogPluginManager: Mounting plugin WebMMoviePlayer
LogPluginManager: Mounting plugin WindowsMoviePlayer
LogPluginManager: Mounting plugin ScreenshotTools
LogInit: Using libcurl 7.55.1-DEV
LogInit:  - built for x86_64-pc-win32
LogInit:  - supports SSL with OpenSSL/1.1.1
LogInit:  - supports HTTP deflate (compression) using libz 1.2.8
LogInit:  - other features:
LogInit:      CURL_VERSION_SSL
LogInit:      CURL_VERSION_LIBZ
LogInit:      CURL_VERSION_IPV6
LogInit:      CURL_VERSION_ASYNCHDNS
LogInit:      CURL_VERSION_LARGEFILE
LogInit:      CURL_VERSION_IDN
LogInit:  CurlRequestOptions (configurable via config and command line):
LogInit:  - bVerifyPeer = true  - Libcurl will verify peer certificate
LogInit:  - bUseHttpProxy = false  - Libcurl will NOT use HTTP proxy
LogInit:  - bDontReuseConnections = false  - Libcurl will reuse connections
LogInit:  - MaxHostConnections = 16  - Libcurl will limit the number of connections to a host
LogInit:  - LocalHostAddr = Default
LogInit:  - BufferSize = 65536
LogOnline: OSS: Creating online subsystem instance for: NULL
LogInit: WinSock: version 1.1 (2.2), MaxSocks=32767, MaxUdp=65467
LogInit: Build: ++UE4+Release-4.23-CL-9631420
LogInit: Engine Version: 4.23.1-9631420+++UE4+Release-4.23
LogInit: Compatible Engine Version: 4.23.0-8386587+++UE4+Release-4.23
LogInit: Net CL: 8386587
LogInit: OS: Windows 10 (Release 2009) (), CPU: Intel(R) Core(TM) i5-9300H CPU @ 2.40GHz, GPU: Intel(R) UHD Graphics 630
LogInit: Compiled (64-bit): Oct 18 2019 02:07:44
LogInit: Compiled with Visual C++: 19.16.27030.01
LogInit: Build Configuration: Development
LogInit: Branch Name: ++UE4+Release-4.23
LogInit: Command Line:  -EpicPortal -epicusername=moxiedotxtha_hrx -epicuserid=2b8813a774e0481ca16ec46cf27d44b7 -epiclocale=en
LogInit: Base Directory: C:/Program Files/Epic Games/UE_4.23/Engine/Binaries/Win64/
LogInit: Installed Engine Build: 1
LogDevObjectVersion: Number of dev versions registered: 23
LogDevObjectVersion:   Dev-Blueprints (B0D832E4-1F89-4F0D-ACCF-7EB736FD4AA2): 10
LogDevObjectVersion:   Dev-Build (E1C64328-A22C-4D53-A36C-8E866417BD8C): 0
LogDevObjectVersion:   Dev-Core (375EC13C-06E4-48FB-B500-84F0262A717E): 3
LogDevObjectVersion:   Dev-Editor (E4B068ED-F494-42E9-A231-DA0B2E46BB41): 34
LogDevObjectVersion:   Dev-Framework (CFFC743F-43B0-4480-9391-14DF171D2073): 35
LogDevObjectVersion:   Dev-Mobile (B02B49B5-BB20-44E9-A304-32B752E40360): 2
LogDevObjectVersion:   Dev-Networking (A4E4105C-59A1-49B5-A7C5-40C4547EDFEE): 0
LogDevObjectVersion:   Dev-Online (39C831C9-5AE6-47DC-9A44-9C173E1C8E7C): 0
LogDevObjectVersion:   Dev-Physics (78F01B33-EBEA-4F98-B9B4-84EACCB95AA2): 0
LogDevObjectVersion:   Dev-Platform (6631380F-2D4D-43E0-8009-CF276956A95A): 0
LogDevObjectVersion:   Dev-Rendering (12F88B9F-8875-4AFC-A67C-D90C383ABD29): 31
LogDevObjectVersion:   Dev-Sequencer (7B5AE74C-D270-4C10-A958-57980B212A5A): 11
LogDevObjectVersion:   Dev-VR (D7296918-1DD6-4BDD-9DE2-64A83CC13884): 2
LogDevObjectVersion:   Dev-LoadTimes (C2A15278-BFE7-4AFE-6C17-90FF531DF755): 1
LogDevObjectVersion:   Private-Geometry (6EACA3D4-40EC-4CC1-B786-8BED09428FC5): 3
LogDevObjectVersion:   Dev-AnimPhys (29E575DD-E0A3-4627-9D10-D276232CDCEA): 17
LogDevObjectVersion:   Dev-Anim (AF43A65D-7FD3-4947-9873-3E8ED9C1BB05): 2
LogDevObjectVersion:   Dev-ReflectionCapture (6B266CEC-1EC7-4B8F-A30B-E4D90942FC07): 1
LogDevObjectVersion:   Dev-Automation (0DF73D61-A23F-47EA-B727-89E90C41499A): 1
LogDevObjectVersion:   FortniteMain (601D1886-AC64-4F84-AA16-D3DE0DEAC7D6): 27
LogDevObjectVersion:   Dev-Enterprise (9DFFBCD6-494F-0158-E221-12823C92A888): 6
LogDevObjectVersion:   Dev-Niagara (F2AED0AC-9AFE-416F-8664-AA7FFA26D6FC): 1
LogDevObjectVersion:   Dev-Destruction (174F1F0B-B4C6-45A5-B13F-2EE8D0FB917D): 9
LogInit: Presizing for max 16777216 objects, including 0 objects not considered by GC, pre-allocating 0 bytes for permanent pool.
LogInit: Object subsystem initialized
LogConfig: Setting CVar [[con.DebugEarlyDefault:1]]
LogConfig: Setting CVar [[r.setres:1280x720]]
[2020.11.01-02.25.04:744][  0]LogConfig: Setting CVar [[r.VSync:0]]
[2020.11.01-02.25.04:744][  0]LogConfig: Setting CVar [[r.RHICmdBypass:0]]
[2020.11.01-02.25.04:744][  0]LogConfig: Applying CVar settings from Section [/Script/Engine.RendererSettings] File [D:/access-1/offico/Unreal Projects/MyProject2 - Copy/Saved/Config/Windows/Engine.ini]
[2020.11.01-02.25.04:744][  0]LogConfig: Setting CVar [[r.GPUCrashDebugging:0]]
[2020.11.01-02.25.04:744][  0]LogConfig: Applying CVar settings from Section [/Script/Engine.RendererOverrideSettings] File [D:/access-1/offico/Unreal Projects/MyProject2 - Copy/Saved/Config/Windows/Engine.ini]
[2020.11.01-02.25.04:744][  0]LogConfig: Applying CVar settings from Section [/Script/Engine.StreamingSettings] File [D:/access-1/offico/Unreal Projects/MyProject2 - Copy/Saved/Config/Windows/Engine.ini]
[2020.11.01-02.25.04:744][  0]LogConfig: Setting CVar [[s.MinBulkDataSizeForAsyncLoading:131072]]
[2020.11.01-02.25.04:744][  0]LogConfig: Setting CVar [[s.AsyncLoadingThreadEnabled:0]]
[2020.11.01-02.25.04:744][  0]LogConfig: Setting CVar [[s.EventDrivenLoaderEnabled:1]]
[2020.11.01-02.25.04:744][  0]LogConfig: Setting CVar [[s.WarnIfTimeLimitExceeded:0]]
[2020.11.01-02.25.04:745][  0]LogConfig: Setting CVar [[s.TimeLimitExceededMultiplier:1.5]]
[2020.11.01-02.25.04:745][  0]LogConfig: Setting CVar [[s.TimeLimitExceededMinTime:0.005]]
[2020.11.01-02.25.04:745][  0]LogConfig: Setting CVar [[s.UseBackgroundLevelStreaming:1]]
[2020.11.01-02.25.04:745][  0]LogConfig: Setting CVar [[s.PriorityAsyncLoadingExtraTime:15.0]]
[2020.11.01-02.25.04:745][  0]LogConfig: Setting CVar [[s.LevelStreamingActorsUpdateTimeLimit:5.0]]
[2020.11.01-02.25.04:745][  0]LogConfig: Setting CVar [[s.PriorityLevelStreamingActorsUpdateExtraTime:5.0]]
[2020.11.01-02.25.04:745][  0]LogConfig: Setting CVar [[s.LevelStreamingComponentsRegistrationGranularity:10]]
[2020.11.01-02.25.04:745][  0]LogConfig: Setting CVar [[s.UnregisterComponentsTimeLimit:1.0]]
[2020.11.01-02.25.04:745][  0]LogConfig: Setting CVar [[s.LevelStreamingComponentsUnregistrationGranularity:5]]
[2020.11.01-02.25.04:745][  0]LogConfig: Applying CVar settings from Section [/Script/Engine.GarbageCollectionSettings] File [D:/access-1/offico/Unreal Projects/MyProject2 - Copy/Saved/Config/Windows/Engine.ini]
[2020.11.01-02.25.04:745][  0]LogConfig: Setting CVar [[gc.MaxObjectsNotConsideredByGC:1]]
[2020.11.01-02.25.04:745][  0]LogConfig: Setting CVar [[gc.SizeOfPermanentObjectPool:0]]
[2020.11.01-02.25.04:745][  0]LogConfig: Setting CVar [[gc.FlushStreamingOnGC:0]]
[2020.11.01-02.25.04:745][  0]LogConfig: Setting CVar [[gc.NumRetriesBeforeForcingGC:10]]
[2020.11.01-02.25.04:745][  0]LogConfig: Setting CVar [[gc.AllowParallelGC:1]]
[2020.11.01-02.25.04:745][  0]LogConfig: Setting CVar [[gc.TimeBetweenPurgingPendingKillObjects:61.1]]
[2020.11.01-02.25.04:745][  0]LogConfig: Setting CVar [[gc.MaxObjectsInEditor:16777216]]
[2020.11.01-02.25.04:745][  0]LogConfig: Setting CVar [[gc.IncrementalBeginDestroyEnabled:1]]
[2020.11.01-02.25.04:745][  0]LogConfig: Setting CVar [[gc.CreateGCClusters:1]]
[2020.11.01-02.25.04:746][  0]LogConfig: Setting CVar [[gc.MinGCClusterSize:5]]
[2020.11.01-02.25.04:746][  0]LogConfig: Setting CVar [[gc.ActorClusteringEnabled:0]]
[2020.11.01-02.25.04:746][  0]LogConfig: Setting CVar [[gc.BlueprintClusteringEnabled:0]]
[2020.11.01-02.25.04:746][  0]LogConfig: Setting CVar [[gc.UseDisregardForGCOnDedicatedServers:0]]
[2020.11.01-02.25.04:746][  0]LogConfig: Applying CVar settings from Section [/Script/Engine.NetworkSettings] File [D:/access-1/offico/Unreal Projects/MyProject2 - Copy/Saved/Config/Windows/Engine.ini]
[2020.11.01-02.25.04:746][  0]LogConfig: Applying CVar settings from Section [/Script/UnrealEd.CookerSettings] File [D:/access-1/offico/Unreal Projects/MyProject2 - Copy/Saved/Config/Windows/Engine.ini]
[2020.11.01-02.25.04:754][  0]LogConfig: Applying CVar settings from Section [ViewDistanceQuality@3] File [D:/access-1/offico/Unreal Projects/MyProject2 - Copy/Saved/Config/Windows/Scalability.ini]
[2020.11.01-02.25.04:754][  0]LogConfig: Setting CVar [[r.SkeletalMeshLODBias:0]]
[2020.11.01-02.25.04:754][  0]LogConfig: Setting CVar [[r.ViewDistanceScale:1.0]]
[2020.11.01-02.25.04:754][  0]LogConfig: Applying CVar settings from Section [AntiAliasingQuality@3] File [D:/access-1/offico/Unreal Projects/MyProject2 - Copy/Saved/Config/Windows/Scalability.ini]
[2020.11.01-02.25.04:754][  0]LogConfig: Setting CVar [[r.PostProcessAAQuality:4]]
[2020.11.01-02.25.04:754][  0]LogConfig: Applying CVar settings from Section [ShadowQuality@3] File [D:/access-1/offico/Unreal Projects/MyProject2 - Copy/Saved/Config/Windows/Scalability.ini]
[2020.11.01-02.25.04:754][  0]LogConfig: Setting CVar [[r.LightFunctionQuality:1]]
[2020.11.01-02.25.04:754][  0]LogConfig: Setting CVar [[r.ShadowQuality:5]]
[2020.11.01-02.25.04:754][  0]LogConfig: Setting CVar [[r.Shadow.CSM.MaxCascades:10]]
[2020.11.01-02.25.04:754][  0]LogConfig: Setting CVar [[r.Shadow.MaxResolution:2048]]
[2020.11.01-02.25.04:754][  0]LogConfig: Setting CVar [[r.Shadow.MaxCSMResolution:2048]]
[2020.11.01-02.25.04:755][  0]LogConfig: Setting CVar [[r.Shadow.RadiusThreshold:0.01]]
[2020.11.01-02.25.04:755][  0]LogConfig: Setting CVar [[r.Shadow.DistanceScale:1.0]]
[2020.11.01-02.25.04:755][  0]LogConfig: Setting CVar [[r.Shadow.CSM.TransitionScale:1.0]]
[2020.11.01-02.25.04:755][  0]LogConfig: Setting CVar [[r.Shadow.PreShadowResolutionFactor:1.0]]
[2020.11.01-02.25.04:755][  0]LogConfig: Setting CVar [[r.DistanceFieldShadowing:1]]
[2020.11.01-02.25.04:755][  0]LogConfig: Setting CVar [[r.DistanceFieldAO:1]]
[2020.11.01-02.25.04:755][  0]LogConfig: Setting CVar [[r.AOQuality:2]]
[2020.11.01-02.25.04:755][  0]LogConfig: Setting CVar [[r.VolumetricFog:1]]
[2020.11.01-02.25.04:755][  0]LogConfig: Setting CVar [[r.VolumetricFog.GridPixelSize:8]]
[2020.11.01-02.25.04:755][  0]LogConfig: Setting CVar [[r.VolumetricFog.GridSizeZ:128]]
[2020.11.01-02.25.04:755][  0]LogConfig: Setting CVar [[r.VolumetricFog.HistoryMissSupersampleCount:4]]
[2020.11.01-02.25.04:755][  0]LogConfig: Setting CVar [[r.LightMaxDrawDistanceScale:1]]
[2020.11.01-02.25.04:755][  0]LogConfig: Setting CVar [[r.CapsuleShadows:1]]
[2020.11.01-02.25.04:755][  0]LogConfig: Applying CVar settings from Section [PostProcessQuality@3] File [D:/access-1/offico/Unreal Projects/MyProject2 - Copy/Saved/Config/Windows/Scalability.ini]
[2020.11.01-02.25.04:755][  0]LogConfig: Setting CVar [[r.MotionBlurQuality:4]]
[2020.11.01-02.25.04:755][  0]LogConfig: Setting CVar [[r.AmbientOcclusionMipLevelFactor:0.4]]
[2020.11.01-02.25.04:755][  0]LogConfig: Setting CVar [[r.AmbientOcclusionMaxQuality:100]]
[2020.11.01-02.25.04:755][  0]LogConfig: Setting CVar [[r.AmbientOcclusionLevels:-1]]
[2020.11.01-02.25.04:756][  0]LogConfig: Setting CVar [[r.AmbientOcclusionRadiusScale:1.0]]
[2020.11.01-02.25.04:756][  0]LogConfig: Setting CVar [[r.DepthOfFieldQuality:2]]
[2020.11.01-02.25.04:756][  0]LogConfig: Setting CVar [[r.RenderTargetPoolMin:400]]
[2020.11.01-02.25.04:756][  0]LogConfig: Setting CVar [[r.LensFlareQuality:2]]
[2020.11.01-02.25.04:756][  0]LogConfig: Setting CVar [[r.SceneColorFringeQuality:1]]
[2020.11.01-02.25.04:756][  0]LogConfig: Setting CVar [[r.EyeAdaptationQuality:2]]
[2020.11.01-02.25.04:756][  0]LogConfig: Setting CVar [[r.BloomQuality:5]]
[2020.11.01-02.25.04:756][  0]LogConfig: Setting CVar [[r.FastBlurThreshold:100]]
[2020.11.01-02.25.04:756][  0]LogConfig: Setting CVar [[r.Upscale.Quality:3]]
[2020.11.01-02.25.04:756][  0]LogConfig: Setting CVar [[r.Tonemapper.GrainQuantization:1]]
[2020.11.01-02.25.04:756][  0]LogConfig: Setting CVar [[r.LightShaftQuality:1]]
[2020.11.01-02.25.04:756][  0]LogConfig: Setting CVar [[r.Filter.SizeScale:1]]
[2020.11.01-02.25.04:756][  0]LogConfig: Setting CVar [[r.Tonemapper.Quality:5]]
[2020.11.01-02.25.04:756][  0]LogConfig: Setting CVar [[r.DOF.Gather.AccumulatorQuality:1        ; higher gathering accumulator quality]]
[2020.11.01-02.25.04:756][  0]LogConfig: Setting CVar [[r.DOF.Gather.PostfilterMethod:1          ; Median3x3 postfilering method]]
[2020.11.01-02.25.04:756][  0]LogConfig: Setting CVar [[r.DOF.Gather.EnableBokehSettings:0       ; no bokeh simulation when gathering]]
[2020.11.01-02.25.04:756][  0]LogConfig: Setting CVar [[r.DOF.Gather.RingCount:4                 ; medium number of samples when gathering]]
[2020.11.01-02.25.04:756][  0]LogConfig: Setting CVar [[r.DOF.Scatter.ForegroundCompositing:1    ; additive foreground scattering]]
[2020.11.01-02.25.04:756][  0]LogConfig: Setting CVar [[r.DOF.Scatter.BackgroundCompositing:2    ; additive background scattering]]
[2020.11.01-02.25.04:756][  0]LogConfig: Setting CVar [[r.DOF.Scatter.EnableBokehSettings:1      ; bokeh simulation when scattering]]
[2020.11.01-02.25.04:757][  0]LogConfig: Setting CVar [[r.DOF.Scatter.MaxSpriteRatio:0.1         ; only a maximum of 10% of scattered bokeh]]
[2020.11.01-02.25.04:757][  0]LogConfig: Setting CVar [[r.DOF.Recombine.Quality:1                ; cheap slight out of focus]]
[2020.11.01-02.25.04:757][  0]LogConfig: Setting CVar [[r.DOF.Recombine.EnableBokehSettings:0    ; no bokeh simulation on slight out of focus]]
[2020.11.01-02.25.04:757][  0]LogConfig: Setting CVar [[r.DOF.TemporalAAQuality:1                ; more stable temporal accumulation]]
[2020.11.01-02.25.04:757][  0]LogConfig: Setting CVar [[r.DOF.Kernel.MaxForegroundRadius:0.025]]
[2020.11.01-02.25.04:757][  0]LogConfig: Setting CVar [[r.DOF.Kernel.MaxBackgroundRadius:0.025]]
[2020.11.01-02.25.04:757][  0]LogConfig: Applying CVar settings from Section [TextureQuality@3] File [D:/access-1/offico/Unreal Projects/MyProject2 - Copy/Saved/Config/Windows/Scalability.ini]
[2020.11.01-02.25.04:757][  0]LogConfig: Setting CVar [[r.Streaming.MipBias:0]]
[2020.11.01-02.25.04:757][  0]LogConfig: Setting CVar [[r.Streaming.AmortizeCPUToGPUCopy:0]]
[2020.11.01-02.25.04:757][  0]LogConfig: Setting CVar [[r.Streaming.MaxNumTexturesToStreamPerFrame:0]]
[2020.11.01-02.25.04:757][  0]LogConfig: Setting CVar [[r.Streaming.Boost:1]]
[2020.11.01-02.25.04:757][  0]LogConfig: Setting CVar [[r.MaxAnisotropy:8]]
[2020.11.01-02.25.04:757][  0]LogConfig: Setting CVar [[r.Streaming.LimitPoolSizeToVRAM:0]]
[2020.11.01-02.25.04:757][  0]LogConfig: Setting CVar [[r.Streaming.PoolSize:1000]]
[2020.11.01-02.25.04:757][  0]LogConfig: Setting CVar [[r.Streaming.MaxEffectiveScreenSize:0]]
[2020.11.01-02.25.04:757][  0]LogConfig: Applying CVar settings from Section [EffectsQuality@3] File [D:/access-1/offico/Unreal Projects/MyProject2 - Copy/Saved/Config/Windows/Scalability.ini]
[2020.11.01-02.25.04:757][  0]LogConfig: Setting CVar [[r.TranslucencyLightingVolumeDim:64]]
[2020.11.01-02.25.04:757][  0]LogConfig: Setting CVar [[r.RefractionQuality:2]]
[2020.11.01-02.25.04:757][  0]LogConfig: Setting CVar [[r.SSR.Quality:3]]
[2020.11.01-02.25.04:758][  0]LogConfig: Setting CVar [[r.SceneColorFormat:4]]
[2020.11.01-02.25.04:758][  0]LogConfig: Setting CVar [[r.DetailMode:2]]
[2020.11.01-02.25.04:758][  0]LogConfig: Setting CVar [[r.TranslucencyVolumeBlur:1]]
[2020.11.01-02.25.04:758][  0]LogConfig: Setting CVar [[r.MaterialQualityLevel:1 ; High quality]]
[2020.11.01-02.25.04:758][  0]LogConfig: Setting CVar [[r.SSS.Scale:1]]
[2020.11.01-02.25.04:758][  0]LogConfig: Setting CVar [[r.SSS.SampleSet:2]]
[2020.11.01-02.25.04:758][  0]LogConfig: Setting CVar [[r.SSS.Quality:1]]
[2020.11.01-02.25.04:758][  0]LogConfig: Setting CVar [[r.SSS.HalfRes:1]]
[2020.11.01-02.25.04:758][  0]LogConfig: Setting CVar [[r.EmitterSpawnRateScale:1.0]]
[2020.11.01-02.25.04:758][  0]LogConfig: Setting CVar [[r.ParticleLightQuality:2]]
[2020.11.01-02.25.04:758][  0]LogConfig: Applying CVar settings from Section [FoliageQuality@3] File [D:/access-1/offico/Unreal Projects/MyProject2 - Copy/Saved/Config/Windows/Scalability.ini]
[2020.11.01-02.25.04:758][  0]LogConfig: Setting CVar [[foliage.DensityScale:1.0]]
[2020.11.01-02.25.04:758][  0]LogConfig: Setting CVar [[grass.DensityScale:1.0]]
[2020.11.01-02.25.04:758][  0]LogInit: Selected Device Profile: [Windows]
[2020.11.01-02.25.04:758][  0]LogInit: Applying CVar settings loaded from the selected device profile: [Windows]
[2020.11.01-02.25.04:770][  0]LogHAL: Display: Platform has ~ 8 GB [8419069952 / 8589934592 / 8], which maps to Default [LargestMinGB=32, LargerMinGB=12, DefaultMinGB=8, SmallerMinGB=6, SmallestMinGB=0)
[2020.11.01-02.25.04:770][  0]LogInit: Going up to parent DeviceProfile []
[2020.11.01-02.25.04:770][  0]LogConfig: Applying CVar settings from Section [ViewDistanceQuality@3] File [D:/access-1/offico/Unreal Projects/MyProject2 - Copy/Saved/Config/Windows/Scalability.ini]
[2020.11.01-02.25.04:770][  0]LogConfig: Setting CVar [[r.SkeletalMeshLODBias:0]]
[2020.11.01-02.25.04:770][  0]LogConfig: Setting CVar [[r.ViewDistanceScale:1.0]]
[2020.11.01-02.25.04:770][  0]LogConfig: Applying CVar settings from Section [AntiAliasingQuality@3] File [D:/access-1/offico/Unreal Projects/MyProject2 - Copy/Saved/Config/Windows/Scalability.ini]
[2020.11.01-02.25.04:770][  0]LogConfig: Setting CVar [[r.PostProcessAAQuality:4]]
[2020.11.01-02.25.04:770][  0]LogConfig: Applying CVar settings from Section [ShadowQuality@3] File [D:/access-1/offico/Unreal Projects/MyProject2 - Copy/Saved/Config/Windows/Scalability.ini]
[2020.11.01-02.25.04:770][  0]LogConfig: Setting CVar [[r.LightFunctionQuality:1]]
[2020.11.01-02.25.04:770][  0]LogConfig: Setting CVar [[r.ShadowQuality:5]]
[2020.11.01-02.25.04:770][  0]LogConfig: Setting CVar [[r.Shadow.CSM.MaxCascades:10]]
[2020.11.01-02.25.04:770][  0]LogConfig: Setting CVar [[r.Shadow.MaxResolution:2048]]
[2020.11.01-02.25.04:770][  0]LogConfig: Setting CVar [[r.Shadow.MaxCSMResolution:2048]]
[2020.11.01-02.25.04:770][  0]LogConfig: Setting CVar [[r.Shadow.RadiusThreshold:0.01]]
[2020.11.01-02.25.04:771][  0]LogConfig: Setting CVar [[r.Shadow.DistanceScale:1.0]]
[2020.11.01-02.25.04:771][  0]LogConfig: Setting CVar [[r.Shadow.CSM.TransitionScale:1.0]]
[2020.11.01-02.25.04:771][  0]LogConfig: Setting CVar [[r.Shadow.PreShadowResolutionFactor:1.0]]
[2020.11.01-02.25.04:771][  0]LogConfig: Setting CVar [[r.DistanceFieldShadowing:1]]
[2020.11.01-02.25.04:771][  0]LogConfig: Setting CVar [[r.DistanceFieldAO:1]]
[2020.11.01-02.25.04:771][  0]LogConfig: Setting CVar [[r.AOQuality:2]]
[2020.11.01-02.25.04:771][  0]LogConfig: Setting CVar [[r.VolumetricFog:1]]
[2020.11.01-02.25.04:771][  0]LogConfig: Setting CVar [[r.VolumetricFog.GridPixelSize:8]]
[2020.11.01-02.25.04:771][  0]LogConfig: Setting CVar [[r.VolumetricFog.GridSizeZ:128]]
[2020.11.01-02.25.04:771][  0]LogConfig: Setting CVar [[r.VolumetricFog.HistoryMissSupersampleCount:4]]
[2020.11.01-02.25.04:771][  0]LogConfig: Setting CVar [[r.LightMaxDrawDistanceScale:1]]
[2020.11.01-02.25.04:771][  0]LogConfig: Setting CVar [[r.CapsuleShadows:1]]
[2020.11.01-02.25.04:771][  0]LogConfig: Applying CVar settings from Section [PostProcessQuality@3] File [D:/access-1/offico/Unreal Projects/MyProject2 - Copy/Saved/Config/Windows/Scalability.ini]
[2020.11.01-02.25.04:771][  0]LogConfig: Setting CVar [[r.MotionBlurQuality:4]]
[2020.11.01-02.25.04:771][  0]LogConfig: Setting CVar [[r.AmbientOcclusionMipLevelFactor:0.4]]
[2020.11.01-02.25.04:771][  0]LogConfig: Setting CVar [[r.AmbientOcclusionMaxQuality:100]]
[2020.11.01-02.25.04:771][  0]LogConfig: Setting CVar [[r.AmbientOcclusionLevels:-1]]
[2020.11.01-02.25.04:771][  0]LogConfig: Setting CVar [[r.AmbientOcclusionRadiusScale:1.0]]
[2020.11.01-02.25.04:771][  0]LogConfig: Setting CVar [[r.DepthOfFieldQuality:2]]
[2020.11.01-02.25.04:772][  0]LogConfig: Setting CVar [[r.RenderTargetPoolMin:400]]
[2020.11.01-02.25.04:772][  0]LogConfig: Setting CVar [[r.LensFlareQuality:2]]
[2020.11.01-02.25.04:772][  0]LogConfig: Setting CVar [[r.SceneColorFringeQuality:1]]
[2020.11.01-02.25.04:772][  0]LogConfig: Setting CVar [[r.EyeAdaptationQuality:2]]
[2020.11.01-02.25.04:772][  0]LogConfig: Setting CVar [[r.BloomQuality:5]]
[2020.11.01-02.25.04:772][  0]LogConfig: Setting CVar [[r.FastBlurThreshold:100]]
[2020.11.01-02.25.04:772][  0]LogConfig: Setting CVar [[r.Upscale.Quality:3]]
[2020.11.01-02.25.04:772][  0]LogConfig: Setting CVar [[r.Tonemapper.GrainQuantization:1]]
[2020.11.01-02.25.04:772][  0]LogConfig: Setting CVar [[r.LightShaftQuality:1]]
[2020.11.01-02.25.04:772][  0]LogConfig: Setting CVar [[r.Filter.SizeScale:1]]
[2020.11.01-02.25.04:772][  0]LogConfig: Setting CVar [[r.Tonemapper.Quality:5]]
[2020.11.01-02.25.04:772][  0]LogConfig: Setting CVar [[r.DOF.Gather.AccumulatorQuality:1        ; higher gathering accumulator quality]]
[2020.11.01-02.25.04:772][  0]LogConfig: Setting CVar [[r.DOF.Gather.PostfilterMethod:1          ; Median3x3 postfilering method]]
[2020.11.01-02.25.04:772][  0]LogConfig: Setting CVar [[r.DOF.Gather.EnableBokehSettings:0       ; no bokeh simulation when gathering]]
[2020.11.01-02.25.04:772][  0]LogConfig: Setting CVar [[r.DOF.Gather.RingCount:4                 ; medium number of samples when gathering]]
[2020.11.01-02.25.04:772][  0]LogConfig: Setting CVar [[r.DOF.Scatter.ForegroundCompositing:1    ; additive foreground scattering]]
[2020.11.01-02.25.04:772][  0]LogConfig: Setting CVar [[r.DOF.Scatter.BackgroundCompositing:2    ; additive background scattering]]
[2020.11.01-02.25.04:772][  0]LogConfig: Setting CVar [[r.DOF.Scatter.EnableBokehSettings:1      ; bokeh simulation when scattering]]
[2020.11.01-02.25.04:772][  0]LogConfig: Setting CVar [[r.DOF.Scatter.MaxSpriteRatio:0.1         ; only a maximum of 10% of scattered bokeh]]
[2020.11.01-02.25.04:773][  0]LogConfig: Setting CVar [[r.DOF.Recombine.Quality:1                ; cheap slight out of focus]]
[2020.11.01-02.25.04:773][  0]LogConfig: Setting CVar [[r.DOF.Recombine.EnableBokehSettings:0    ; no bokeh simulation on slight out of focus]]
[2020.11.01-02.25.04:773][  0]LogConfig: Setting CVar [[r.DOF.TemporalAAQuality:1                ; more stable temporal accumulation]]
[2020.11.01-02.25.04:773][  0]LogConfig: Setting CVar [[r.DOF.Kernel.MaxForegroundRadius:0.025]]
[2020.11.01-02.25.04:773][  0]LogConfig: Setting CVar [[r.DOF.Kernel.MaxBackgroundRadius:0.025]]
[2020.11.01-02.25.04:773][  0]LogConfig: Applying CVar settings from Section [TextureQuality@3] File [D:/access-1/offico/Unreal Projects/MyProject2 - Copy/Saved/Config/Windows/Scalability.ini]
[2020.11.01-02.25.04:773][  0]LogConfig: Setting CVar [[r.Streaming.MipBias:0]]
[2020.11.01-02.25.04:773][  0]LogConfig: Setting CVar [[r.Streaming.AmortizeCPUToGPUCopy:0]]
[2020.11.01-02.25.04:773][  0]LogConfig: Setting CVar [[r.Streaming.MaxNumTexturesToStreamPerFrame:0]]
[2020.11.01-02.25.04:773][  0]LogConfig: Setting CVar [[r.Streaming.Boost:1]]
[2020.11.01-02.25.04:773][  0]LogConfig: Setting CVar [[r.MaxAnisotropy:8]]
[2020.11.01-02.25.04:773][  0]LogConfig: Setting CVar [[r.Streaming.LimitPoolSizeToVRAM:0]]
[2020.11.01-02.25.04:773][  0]LogConfig: Setting CVar [[r.Streaming.PoolSize:1000]]
[2020.11.01-02.25.04:773][  0]LogConfig: Setting CVar [[r.Streaming.MaxEffectiveScreenSize:0]]
[2020.11.01-02.25.04:773][  0]LogConfig: Applying CVar settings from Section [EffectsQuality@3] File [D:/access-1/offico/Unreal Projects/MyProject2 - Copy/Saved/Config/Windows/Scalability.ini]
[2020.11.01-02.25.04:773][  0]LogConfig: Setting CVar [[r.TranslucencyLightingVolumeDim:64]]
[2020.11.01-02.25.04:773][  0]LogConfig: Setting CVar [[r.RefractionQuality:2]]
[2020.11.01-02.25.04:773][  0]LogConfig: Setting CVar [[r.SSR.Quality:3]]
[2020.11.01-02.25.04:773][  0]LogConfig: Setting CVar [[r.SceneColorFormat:4]]
[2020.11.01-02.25.04:774][  0]LogConfig: Setting CVar [[r.DetailMode:2]]
[2020.11.01-02.25.04:774][  0]LogConfig: Setting CVar [[r.TranslucencyVolumeBlur:1]]
[2020.11.01-02.25.04:774][  0]LogConfig: Setting CVar [[r.MaterialQualityLevel:1 ; High quality]]
[2020.11.01-02.25.04:774][  0]LogConfig: Setting CVar [[r.SSS.Scale:1]]
[2020.11.01-02.25.04:774][  0]LogConfig: Setting CVar [[r.SSS.SampleSet:2]]
[2020.11.01-02.25.04:774][  0]LogConfig: Setting CVar [[r.SSS.Quality:1]]
[2020.11.01-02.25.04:774][  0]LogConfig: Setting CVar [[r.SSS.HalfRes:1]]
[2020.11.01-02.25.04:774][  0]LogConfig: Setting CVar [[r.EmitterSpawnRateScale:1.0]]
[2020.11.01-02.25.04:774][  0]LogConfig: Setting CVar [[r.ParticleLightQuality:2]]
[2020.11.01-02.25.04:774][  0]LogConfig: Applying CVar settings from Section [FoliageQuality@3] File [D:/access-1/offico/Unreal Projects/MyProject2 - Copy/Saved/Config/Windows/Scalability.ini]
[2020.11.01-02.25.04:774][  0]LogConfig: Setting CVar [[foliage.DensityScale:1.0]]
[2020.11.01-02.25.04:774][  0]LogConfig: Setting CVar [[grass.DensityScale:1.0]]
[2020.11.01-02.25.04:774][  0]LogConfig: Applying CVar settings from Section [Startup] File [../../../Engine/Config/ConsoleVariables.ini]
[2020.11.01-02.25.04:775][  0]LogConfig: Setting CVar [[net.UseAdaptiveNetUpdateFrequency:0]]
[2020.11.01-02.25.04:775][  0]LogConfig: Setting CVar [[p.chaos.AllowCreatePhysxBodies:1]]
[2020.11.01-02.25.04:775][  0]LogConfig: Applying CVar settings from Section [ConsoleVariables] File [D:/access-1/offico/Unreal Projects/MyProject2 - Copy/Saved/Config/Windows/Engine.ini]
[2020.11.01-02.25.04:775][  0]LogInit: Computer: MOXIE-NITRO
[2020.11.01-02.25.04:775][  0]LogInit: User: default
[2020.11.01-02.25.04:775][  0]LogInit: CPU Page size=4096, Cores=4
[2020.11.01-02.25.04:775][  0]LogInit: High frequency timer resolution =10.000000 MHz
[2020.11.01-02.25.04:776][  0]LogMemory: Memory total: Physical=7.8GB (8GB approx)
[2020.11.01-02.25.04:776][  0]LogMemory: Platform Memory Stats for Windows
[2020.11.01-02.25.04:776][  0]LogMemory: Process Physical Memory: 105.30 MB used, 105.31 MB peak
[2020.11.01-02.25.04:776][  0]LogMemory: Process Virtual Memory: 101.02 MB used, 101.02 MB peak
[2020.11.01-02.25.04:776][  0]LogMemory: Physical Memory: 5367.10 MB used,  2661.95 MB free, 8029.05 MB total
[2020.11.01-02.25.04:776][  0]LogMemory: Virtual Memory: 4672.04 MB used,  134213056.00 MB free, 134217728.00 MB total
[2020.11.01-02.25.04:784][  0]LogWindows: WindowsPlatformFeatures enabled
[2020.11.01-02.25.04:932][  0]LogInit: Using OS detected language (en-US).
[2020.11.01-02.25.04:932][  0]LogInit: Using OS detected locale (en-US).
[2020.11.01-02.25.04:934][  0]LogTextLocalizationManager: No specific localization for 'en-US' exists, so the 'en' localization will be used.
[2020.11.01-02.25.05:211][  0]LogInit: Setting process to per monitor DPI aware
[2020.11.01-02.25.05:279][  0]LogSlate: New Slate User Created.  User Index 0, Is Virtual User: 0
[2020.11.01-02.25.05:279][  0]LogSlate: Slate User Registered.  User Index 0, Is Virtual User: 0
[2020.11.01-02.25.05:560][  0]LogHMD: Failed to initialize OpenVR with code 110
[2020.11.01-02.25.05:560][  0]LogD3D11RHI: D3D11 adapters:
[2020.11.01-02.25.05:731][  0]LogD3D11RHI:    0. 'NVIDIA GeForce GTX 1650' (Feature Level 11_0)
[2020.11.01-02.25.05:731][  0]LogD3D11RHI:       3962/0/4014 MB DedicatedVideo/DedicatedSystem/SharedSystem, Outputs:1, VendorId:0x10de
[2020.11.01-02.25.05:759][  0]LogD3D11RHI:    1. 'Intel(R) UHD Graphics 630' (Feature Level 11_0)
[2020.11.01-02.25.05:759][  0]LogD3D11RHI:       128/0/4014 MB DedicatedVideo/DedicatedSystem/SharedSystem, Outputs:0, VendorId:0x8086
[2020.11.01-02.25.05:763][  0]LogD3D11RHI:    2. 'Microsoft Basic Render Driver' (Feature Level 11_0)
[2020.11.01-02.25.05:763][  0]LogD3D11RHI:       0/0/4014 MB DedicatedVideo/DedicatedSystem/SharedSystem, Outputs:0, VendorId:0x1414
[2020.11.01-02.25.05:763][  0]LogD3D11RHI: Chosen D3D11 Adapter: 0
[2020.11.01-02.25.05:772][  0]LogD3D11RHI: Creating new Direct3DDevice
[2020.11.01-02.25.05:772][  0]LogD3D11RHI:     GPU DeviceId: 0x1f91 (for the marketing name, search the web for "GPU Device Id")
[2020.11.01-02.25.05:772][  0]LogWindows: EnumDisplayDevices:
[2020.11.01-02.25.05:772][  0]LogWindows:    0. 'Intel(R) UHD Graphics 630' (P:1 D:1)
[2020.11.01-02.25.05:773][  0]LogWindows:    1. 'Intel(R) UHD Graphics 630' (P:0 D:0)
[2020.11.01-02.25.05:773][  0]LogWindows:    2. 'Intel(R) UHD Graphics 630' (P:0 D:0)
[2020.11.01-02.25.05:773][  0]LogWindows:    3. 'NVIDIA GeForce GTX 1650' (P:0 D:0)
[2020.11.01-02.25.05:774][  0]LogWindows: DebugString: PrimaryIsNotTheChoosenAdapter PrimaryIsNotTheChoosenAdapter PrimaryIsNotTheChoosenAdapter 
[2020.11.01-02.25.05:774][  0]LogD3D11RHI:     Adapter Name: NVIDIA GeForce GTX 1650
[2020.11.01-02.25.05:774][  0]LogD3D11RHI:   Driver Version: 457.09 (internal:27.21.14.5709, unified:457.09)
[2020.11.01-02.25.05:774][  0]LogD3D11RHI:      Driver Date: 10-22-2020
[2020.11.01-02.25.05:774][  0]LogRHI: Texture pool is 2773 MB (70% of 3962 MB)
[2020.11.01-02.25.05:968][  0]LogD3D11RHI: Async texture creation enabled
[2020.11.01-02.25.06:025][  0]LogD3D11RHI: GPU Timing Frequency: 1000.000000 (Debug: 2 1)
[2020.11.01-02.25.07:201][  0]LogTemp: Display: Module 'AllDesktopTargetPlatform' loaded TargetPlatform 'AllDesktop'
[2020.11.01-02.25.07:226][  0]LogTemp: Display: Module 'MacClientTargetPlatform' loaded TargetPlatform 'MacClient'
[2020.11.01-02.25.07:251][  0]LogTemp: Display: Module 'MacNoEditorTargetPlatform' loaded TargetPlatform 'MacNoEditor'
[2020.11.01-02.25.07:283][  0]LogTemp: Display: Module 'MacServerTargetPlatform' loaded TargetPlatform 'MacServer'
[2020.11.01-02.25.07:317][  0]LogTemp: Display: Module 'MacTargetPlatform' loaded TargetPlatform 'Mac'
[2020.11.01-02.25.07:350][  0]LogTemp: Display: Module 'WindowsClientTargetPlatform' loaded TargetPlatform 'WindowsClient'
[2020.11.01-02.25.07:384][  0]LogTemp: Display: Module 'WindowsNoEditorTargetPlatform' loaded TargetPlatform 'WindowsNoEditor'
[2020.11.01-02.25.07:418][  0]LogTemp: Display: Module 'WindowsServerTargetPlatform' loaded TargetPlatform 'WindowsServer'
[2020.11.01-02.25.07:435][  0]LogTemp: Display: Module 'WindowsTargetPlatform' loaded TargetPlatform 'Windows'
[2020.11.01-02.25.07:554][  0]LogTemp: Display: Module 'AndroidTargetPlatform' loaded TargetPlatform 'Android'
[2020.11.01-02.25.07:554][  0]LogTemp: Display: Module 'AndroidTargetPlatform' loaded TargetPlatform 'Android_ASTC'
[2020.11.01-02.25.07:554][  0]LogTemp: Display: Module 'AndroidTargetPlatform' loaded TargetPlatform 'Android_ATC'
[2020.11.01-02.25.07:554][  0]LogTemp: Display: Module 'AndroidTargetPlatform' loaded TargetPlatform 'Android_DXT'
[2020.11.01-02.25.07:554][  0]LogTemp: Display: Module 'AndroidTargetPlatform' loaded TargetPlatform 'Android_ETC1'
[2020.11.01-02.25.07:554][  0]LogTemp: Display: Module 'AndroidTargetPlatform' loaded TargetPlatform 'Android_ETC1a'
[2020.11.01-02.25.07:555][  0]LogTemp: Display: Module 'AndroidTargetPlatform' loaded TargetPlatform 'Android_ETC2'
[2020.11.01-02.25.07:555][  0]LogTemp: Display: Module 'AndroidTargetPlatform' loaded TargetPlatform 'Android_PVRTC'
[2020.11.01-02.25.07:555][  0]LogTemp: Display: Module 'AndroidTargetPlatform' loaded TargetPlatform 'AndroidClient'
[2020.11.01-02.25.07:555][  0]LogTemp: Display: Module 'AndroidTargetPlatform' loaded TargetPlatform 'Android_ASTCClient'
[2020.11.01-02.25.07:555][  0]LogTemp: Display: Module 'AndroidTargetPlatform' loaded TargetPlatform 'Android_ATCClient'
[2020.11.01-02.25.07:555][  0]LogTemp: Display: Module 'AndroidTargetPlatform' loaded TargetPlatform 'Android_DXTClient'
[2020.11.01-02.25.07:555][  0]LogTemp: Display: Module 'AndroidTargetPlatform' loaded TargetPlatform 'Android_ETC1Client'
[2020.11.01-02.25.07:555][  0]LogTemp: Display: Module 'AndroidTargetPlatform' loaded TargetPlatform 'Android_ETC1aClient'
[2020.11.01-02.25.07:555][  0]LogTemp: Display: Module 'AndroidTargetPlatform' loaded TargetPlatform 'Android_ETC2Client'
[2020.11.01-02.25.07:555][  0]LogTemp: Display: Module 'AndroidTargetPlatform' loaded TargetPlatform 'Android_PVRTCClient'
[2020.11.01-02.25.07:555][  0]LogTemp: Display: Module 'AndroidTargetPlatform' loaded TargetPlatform 'Android_Multi'
[2020.11.01-02.25.07:555][  0]LogTemp: Display: Module 'AndroidTargetPlatform' loaded TargetPlatform 'Android_MultiClient'
[2020.11.01-02.25.07:562][  0]LogTemp: Display: Module 'HTML5TargetPlatform' loaded TargetPlatform 'HTML5'
[2020.11.01-02.25.07:606][  0]LogTemp: Display: Module 'IOSTargetPlatform' loaded TargetPlatform 'IOSClient'
[2020.11.01-02.25.07:606][  0]LogTemp: Display: Module 'IOSTargetPlatform' loaded TargetPlatform 'IOS'
[2020.11.01-02.25.07:627][  0]LogTemp: Display: Module 'TVOSTargetPlatform' loaded TargetPlatform 'TVOSClient'
[2020.11.01-02.25.07:627][  0]LogTemp: Display: Module 'TVOSTargetPlatform' loaded TargetPlatform 'TVOS'
[2020.11.01-02.25.07:638][  0]LogTemp: Display: Module 'LinuxClientTargetPlatform' loaded TargetPlatform 'LinuxClient'
[2020.11.01-02.25.07:648][  0]LogTemp: Display: Module 'LinuxNoEditorTargetPlatform' loaded TargetPlatform 'LinuxNoEditor'
[2020.11.01-02.25.07:659][  0]LogTemp: Display: Module 'LinuxServerTargetPlatform' loaded TargetPlatform 'LinuxServer'
[2020.11.01-02.25.07:675][  0]LogTemp: Display: Module 'LinuxTargetPlatform' loaded TargetPlatform 'Linux'
[2020.11.01-02.25.07:763][  0]LogTemp: Display: Module 'LuminTargetPlatform' loaded TargetPlatform 'Lumin'
[2020.11.01-02.25.07:763][  0]LogTemp: Display: Module 'LuminTargetPlatform' loaded TargetPlatform 'LuminClient'
[2020.11.01-02.25.07:764][  0]LogTargetPlatformManager: Display: Building Assets For Windows
[2020.11.01-02.25.07:806][  0]LogAudioDebug: Display: Lib vorbis DLL was dynamically loaded.
[2020.11.01-02.25.07:995][  0]LogShaderCompilers: Guid format shader working directory is 13 characters bigger than the processId version (D:/access-1/offico/Unreal Projects/MyProject2 - Copy/Intermediate/Shaders/WorkingDirectory/404/).
[2020.11.01-02.25.07:995][  0]LogShaderCompilers: Cleaned the shader compiler working directory 'C:/Users/default.LAPTOP-CHOGASSS/AppData/Local/Temp/UnrealShaderWorkingDir/CDEC7B804530A7ED2695988C707786F8/'.
[2020.11.01-02.25.07:999][  0]LogXGEController: Cannot use XGE Controller as Incredibuild is not installed on this machine.
[2020.11.01-02.25.07:999][  0]LogShaderCompilers: Cannot use XGE Shader Compiler as Incredibuild is not installed on this machine.
[2020.11.01-02.25.07:999][  0]LogShaderCompilers: Display: Using Local Shader Compiler.
[2020.11.01-02.25.08:970][  0]LogDerivedDataCache: Display: Max Cache Size: 512 MB
[2020.11.01-02.25.09:048][  0]LogDerivedDataCache: Loaded boot cache 0.08s 73MB C:/Users/default.LAPTOP-CHOGASSS/AppData/Local/UnrealEngine/4.23/DerivedDataCache/Boot.ddc.
[2020.11.01-02.25.09:048][  0]LogDerivedDataCache: Display: Loaded Boot cache: C:/Users/default.LAPTOP-CHOGASSS/AppData/Local/UnrealEngine/4.23/DerivedDataCache/Boot.ddc
[2020.11.01-02.25.09:048][  0]LogDerivedDataCache: FDerivedDataBackendGraph:  Pak pak cache file D:/access-1/offico/Unreal Projects/MyProject2 - Copy/DerivedDataCache/DDC.ddp not found, will not use a pak cache.
[2020.11.01-02.25.09:048][  0]LogDerivedDataCache: Unable to find inner node Pak for hierarchical cache Hierarchy.
[2020.11.01-02.25.09:049][  0]LogDerivedDataCache: FDerivedDataBackendGraph:  CompressedPak pak cache file D:/access-1/offico/Unreal Projects/MyProject2 - Copy/DerivedDataCache/Compressed.ddp not found, will not use a pak cache.
[2020.11.01-02.25.09:049][  0]LogDerivedDataCache: Unable to find inner node CompressedPak for hierarchical cache Hierarchy.
[2020.11.01-02.25.09:064][  0]LogDerivedDataCache: Display: Pak cache opened for reading ../../../Engine/DerivedDataCache/Compressed.ddp.
[2020.11.01-02.25.09:064][  0]LogDerivedDataCache: FDerivedDataBackendGraph:  EnterprisePak pak cache file ../../../Enterprise/DerivedDataCache/Compressed.ddp not found, will not use a pak cache.
[2020.11.01-02.25.09:064][  0]LogDerivedDataCache: Unable to find inner node EnterprisePak for hierarchical cache Hierarchy.
[2020.11.01-02.25.09:066][  0]LogDerivedDataCache: Using Local data cache path C:/Users/default.LAPTOP-CHOGASSS/AppData/Local/UnrealEngine/Common/DerivedDataCache: Writable
[2020.11.01-02.25.09:066][  0]LogDerivedDataCache: Shared data cache path not found in *engine.ini, will not use an Shared cache.
[2020.11.01-02.25.09:066][  0]LogDerivedDataCache: Unable to find inner node Shared for hierarchical cache Hierarchy.
[2020.11.01-02.25.09:098][  0]LogMaterial: Verifying Global Shaders for PCD3D_SM5
[2020.11.01-02.25.09:101][  0]LogSlate: Using FreeType 2.6.0
[2020.11.01-02.25.09:102][  0]LogSlate: SlateFontServices - WITH_FREETYPE: 1, WITH_HARFBUZZ: 1
[2020.11.01-02.25.09:186][  0]LogAssetRegistry: FAssetRegistry took 0.0029 seconds to start up
[2020.11.01-02.25.09:579][  0]LogInit: Selected Device Profile: [Windows]
[2020.11.01-02.25.09:937][  0]LogMeshReduction: Using QuadricMeshReduction for automatic static mesh reduction
[2020.11.01-02.25.09:937][  0]LogMeshReduction: Using SimplygonMeshReduction for automatic skeletal mesh reduction
[2020.11.01-02.25.09:937][  0]LogMeshReduction: Using ProxyLODMeshReduction for automatic mesh merging
[2020.11.01-02.25.09:937][  0]LogMeshReduction: No distributed automatic mesh merging module available
[2020.11.01-02.25.09:937][  0]LogMeshMerging: No distributed automatic mesh merging module available
[2020.11.01-02.25.09:952][  0]LogNetVersion: MyProject2 1.0.0, NetCL: 8386587, EngineNetVer: 11, GameNetVer: 0 (Checksum: 4230709586)
[2020.11.01-02.25.11:064][  0]LogPackageLocalizationCache: Processed 12 localized package path(s) for 1 prioritized culture(s) in 0.073735 seconds
[2020.11.01-02.25.11:073][  0]LogUObjectArray: 43444 objects as part of root set at end of initial load.
[2020.11.01-02.25.11:074][  0]LogUObjectAllocator: 7548648 out of 0 bytes used by permanent object pool.
[2020.11.01-02.25.11:074][  0]LogUObjectArray: CloseDisregardForGC: 0/0 objects in disregard for GC pool
[2020.11.01-02.25.12:969][  0]LogTcpMessaging: Initializing TcpMessaging bridge
[2020.11.01-02.25.12:977][  0]LogUdpMessaging: Initializing bridge on interface 0.0.0.0:0 to multicast group 230.0.0.1:6666.
[2020.11.01-02.25.13:099][  0]SourceControl: Source control is disabled
[2020.11.01-02.25.13:099][  0]SourceControl: Source control is disabled
[2020.11.01-02.25.13:102][  0]SourceControl: Source control is disabled
[2020.11.01-02.25.13:105][  0]SourceControl: Source control is disabled
[2020.11.01-02.25.13:290][  0]LogAndroidPermission: UAndroidPermissionCallbackProxy::GetInstance
[2020.11.01-02.25.13:518][  0]LogOcInput: OculusInput pre-init called
[2020.11.01-02.25.13:540][  0]LogWindows: Failed to load 'OVRPlugin.dll' (GetLastError=126)
[2020.11.01-02.25.13:540][  0]LogWindows: File 'OVRPlugin.dll' does not exist
[2020.11.01-02.25.13:773][  0]LogEngine: Initializing Engine...
[2020.11.01-02.25.13:775][  0]LogHMD: Failed to initialize OpenVR with code 110
[2020.11.01-02.25.13:779][  0]LogStats: UGameplayTagsManager::InitializeManager -  0.001 s
[2020.11.01-02.25.14:728][  0]LogInit: Initializing FReadOnlyCVARCache
[2020.11.01-02.25.14:816][  0]LogAIModule: Creating AISystem for world Untitled
[2020.11.01-02.25.14:872][  0]LogInit: XAudio2 using 'Speakers (Realtek(R) Audio)' : 2 channels at 48 kHz using 32 bits per sample (channel mask 0x3)
[2020.11.01-02.25.15:302][  0]LogInit: FAudioDevice initialized.
[2020.11.01-02.25.15:303][  0]LogNetVersion: Set ProjectVersion to 1.0.0.0. Version Checksum will be recalculated on next use.
[2020.11.01-02.25.15:448][  0]LogDerivedDataCache: Saved boot cache 0.14s 73MB C:/Users/default.LAPTOP-CHOGASSS/AppData/Local/UnrealEngine/4.23/DerivedDataCache/Boot.ddc.
[2020.11.01-02.25.15:458][  0]LogInit: Texture streaming: Enabled
[2020.11.01-02.25.15:523][  0]LogEngineSessionManager: EngineSessionManager initialized
[2020.11.01-02.25.15:523][  0]LogEditorSessionSummary: Verbose: Initializing EditorSessionSummaryWriter for editor session tracking
[2020.11.01-02.25.15:528][  0]LogEditorSessionSummary: EditorSessionSummaryWriter initialized
[2020.11.01-02.25.15:743][  0]LogInit: Transaction tracking system initialized
[2020.11.01-02.25.15:898][  0]BlueprintLog: New page: Editor Load
[2020.11.01-02.25.16:299][  0]LocalizationService: Localization service is disabled
[2020.11.01-02.25.17:377][  0]LogFileCache: Scanning file cache for directory 'D:/access-1/offico/Unreal Projects/MyProject2 - Copy/Content/' took 0.01s
[2020.11.01-02.25.17:377][  0]LogCook: Display: Max memory allowance for cook 16384mb min free memory 0mb
[2020.11.01-02.25.17:377][  0]LogCook: Display: Mobile HDR setting 1
[2020.11.01-02.25.17:701][  0]SourceControl: Source control is disabled
[2020.11.01-02.25.17:701][  0]Cmd: MAP LOAD FILE="D:/access-1/offico/Unreal Projects/MyProject2 - Copy/Content/ThirdPersonBP/Maps/ThirdPersonExampleMap.umap" TEMPLATE=0 SHOWPROGRESS=1 FEATURELEVEL=3
[2020.11.01-02.25.17:766][  0]LightingResults: New page: Lighting Build
[2020.11.01-02.25.17:780][  0]LogWorld: UWorld::CleanupWorld for Untitled, bSessionEnded=true, bCleanupResources=true
[2020.11.01-02.25.17:780][  0]MapCheck: New page: Map Check
[2020.11.01-02.25.17:780][  0]LightingResults: New page: Lighting Build
[2020.11.01-02.25.17:872][  0]LogUObjectHash: Compacting FUObjectHashTables data took   5.66ms
[2020.11.01-02.25.20:593][  0]LogAIModule: Creating AISystem for world ThirdPersonExampleMap
[2020.11.01-02.25.20:607][  0]LogEditorServer: Finished looking for orphan Actors (0.000 secs)
[2020.11.01-02.25.20:648][  0]LogUObjectHash: Compacting FUObjectHashTables data took   2.97ms
[2020.11.01-02.25.20:648][  0]Cmd: MAP CHECKDEP NOCLEARLOG
[2020.11.01-02.25.20:648][  0]MapCheck: Map check complete: 0 Error(s), 0 Warning(s), took 0.176ms to complete.
[2020.11.01-02.25.20:648][  0]LogFileHelpers: Loading map 'ThirdPersonExampleMap' took 2.947
[2020.11.01-02.25.20:926][  0]LogSlate: Updating window title bar state: overlay mode, drag disabled, window buttons hidden, title bar hidden
[2020.11.01-02.25.20:953][  0]LogSlate: Updating window title bar state: overlay mode, drag disabled, window buttons hidden, title bar hidden
[2020.11.01-02.25.20:983][  0]LogSlate: Updating window title bar state: overlay mode, drag disabled, window buttons hidden, title bar hidden
[2020.11.01-02.25.21:011][  0]LogSlate: Updating window title bar state: overlay mode, drag disabled, window buttons hidden, title bar hidden
[2020.11.01-02.25.21:066][  0]LogCollectionManager: Loaded 0 collections in 0.008767 seconds
[2020.11.01-02.25.21:087][  0]LogFileCache: Scanning file cache for directory 'D:/access-1/offico/Unreal Projects/MyProject2 - Copy/Saved/Collections/' took 0.00s
[2020.11.01-02.25.21:087][  0]LogFileCache: Scanning file cache for directory 'D:/access-1/offico/Unreal Projects/MyProject2 - Copy/Content/Developers/default/Collections/' took 0.00s
[2020.11.01-02.25.21:087][  0]LogFileCache: Scanning file cache for directory 'D:/access-1/offico/Unreal Projects/MyProject2 - Copy/Content/Collections/' took 0.00s
[2020.11.01-02.25.21:087][  0]LogCollectionManager: Rebuilt the GUID cache for 0 collections in 0.000004 seconds
[2020.11.01-02.25.21:120][  0]LogContentBrowser: Native class hierarchy populated in 0.0318 seconds. Added 2864 classes and 682 folders.
[2020.11.01-02.25.21:151][  0]LogContentBrowser: Native class hierarchy updated for 'WidgetCarousel' in 0.0007 seconds. Added 0 classes and 0 folders.
[2020.11.01-02.25.21:259][  0]LogContentBrowser: Native class hierarchy updated for 'AddContentDialog' in 0.0003 seconds. Added 0 classes and 0 folders.
[2020.11.01-02.25.21:299][  0]LogSlate: Took 0.000271 seconds to synchronously load lazily loaded font '../../../Engine/Content/Slate/Fonts/Roboto-Regular.ttf' (155K)
[2020.11.01-02.25.21:303][  0]LogSlate: Took 0.000271 seconds to synchronously load lazily loaded font '../../../Engine/Content/Slate/Fonts/Roboto-Bold.ttf' (160K)
[2020.11.01-02.25.21:315][  0]LogSlate: Took 0.000613 seconds to synchronously load lazily loaded font '../../../Engine/Content/Editor/Slate/Fonts/FontAwesome.ttf' (139K)
[2020.11.01-02.25.21:400][  0]LogRenderer: Reallocating scene render targets to support 256x256 Format 10 NumSamples 1 (Frame:1).
[2020.11.01-02.25.21:433][  0]LogRenderer: Reallocating scene render targets to support 972x444 Format 10 NumSamples 1 (Frame:1).
[2020.11.01-02.25.21:578][  0]LogContentBrowser: Native class hierarchy updated for 'HierarchicalLODOutliner' in 0.0003 seconds. Added 0 classes and 0 folders.
[2020.11.01-02.25.21:578][  0]LogLoad: (Engine Initialization) Total time: 19.53 seconds
[2020.11.01-02.25.21:578][  0]LogLoad: (Engine Initialization) Total Blueprint compile time: 0.00 seconds
[2020.11.01-02.25.21:666][  0]LogContentStreaming: Texture pool size now 1000 MB
[2020.11.01-02.25.21:678][  0]LogSlate: Took 0.000161 seconds to synchronously load lazily loaded font '../../../Engine/Content/Slate/Fonts/Roboto-Light.ttf' (167K)
[2020.11.01-02.25.21:960][  2]LogAssetRegistry: Asset discovery search completed in 12.7755 seconds
[2020.11.01-02.25.21:977][  2]LogCollectionManager: Rebuilt the object cache for 0 collections in 0.000017 seconds (found 0 objects)
[2020.11.01-02.25.21:977][  2]LogCollectionManager: Fixed up redirectors for 0 collections in 0.000228 seconds (updated 0 objects)
[2020.11.01-02.25.27:294][122]LogSlate: FSceneViewport::OnFocusLost() reason 0
[2020.11.01-02.25.27:359][123]LogTemp: Repeating last play command: Selected Viewport
[2020.11.01-02.25.27:377][123]LogBlueprintUserMessages: Early PlayInEditor Detection: Level '/Game/ThirdPersonBP/Maps/ThirdPersonExampleMap.ThirdPersonExampleMap:PersistentLevel' has LevelScriptBlueprint '/Game/ThirdPersonBP/Maps/ThirdPersonExampleMap.ThirdPersonExampleMap:PersistentLevel.ThirdPersonExampleMap' with GeneratedClass '/Game/ThirdPersonBP/Maps/ThirdPersonExampleMap.ThirdPersonExampleMap_C' with ClassGeneratedBy '/Game/ThirdPersonBP/Maps/ThirdPersonExampleMap.ThirdPersonExampleMap:PersistentLevel.ThirdPersonExampleMap'
[2020.11.01-02.25.27:377][123]LogPlayLevel: PlayLevel: No blueprints needed recompiling
[2020.11.01-02.25.27:378][123]PIE: New page: PIE session: ThirdPersonExampleMap (Nov 1, 2020, 1:55:27 PM)
[2020.11.01-02.25.27:379][123]LogOnline: OSS: Creating online subsystem instance for: NULL
[2020.11.01-02.25.27:381][123]LogPlayLevel: Creating play world package: /Game/ThirdPersonBP/Maps/UEDPIE_0_ThirdPersonExampleMap
[2020.11.01-02.25.27:415][123]LogPlayLevel: PIE: StaticDuplicateObject took: (0.033724s)
[2020.11.01-02.25.27:416][123]LogAIModule: Creating AISystem for world ThirdPersonExampleMap
[2020.11.01-02.25.27:417][123]LogPlayLevel: PIE: World Init took: (0.002748s)
[2020.11.01-02.25.27:417][123]LogPlayLevel: PIE: Created PIE world by copying editor world from /Game/ThirdPersonBP/Maps/ThirdPersonExampleMap.ThirdPersonExampleMap to /Game/ThirdPersonBP/Maps/UEDPIE_0_ThirdPersonExampleMap.ThirdPersonExampleMap (0.036975s)
[2020.11.01-02.25.27:480][123]LogUObjectHash: Compacting FUObjectHashTables data took   1.95ms
[2020.11.01-02.25.27:486][123]LogInit: XAudio2 using 'Speakers (Realtek(R) Audio)' : 2 channels at 48 kHz using 32 bits per sample (channel mask 0x3)
[2020.11.01-02.25.27:499][123]LogInit: FAudioDevice initialized.
[2020.11.01-02.25.27:518][123]LogLoad: Game class is 'ThirdPersonGameMode_C'
[2020.11.01-02.25.27:522][123]LogWorld: Bringing World /Game/ThirdPersonBP/Maps/UEDPIE_0_ThirdPersonExampleMap.ThirdPersonExampleMap up for play (max tick rate 60) at 2020.11.01-08.10.27
[2020.11.01-02.25.27:523][123]LogWorld: Bringing up level for play took: 0.002293
[2020.11.01-02.25.27:523][123]LogOnline: OSS: Creating online subsystem instance for: :Context_2
[2020.11.01-02.25.27:533][123]LogContentBrowser: Native class hierarchy updated for 'MovieSceneCapture' in 0.0004 seconds. Added 20 classes and 0 folders.
[2020.11.01-02.25.27:534][123]PIE: Play in editor start time for /Game/ThirdPersonBP/Maps/UEDPIE_0_ThirdPersonExampleMap -0.762
[2020.11.01-02.25.27:534][123]LogBlueprintUserMessages: Late PlayInEditor Detection: Level '/Game/ThirdPersonBP/Maps/ThirdPersonExampleMap.ThirdPersonExampleMap:PersistentLevel' has LevelScriptBlueprint '/Game/ThirdPersonBP/Maps/ThirdPersonExampleMap.ThirdPersonExampleMap:PersistentLevel.ThirdPersonExampleMap' with GeneratedClass '/Game/ThirdPersonBP/Maps/ThirdPersonExampleMap.ThirdPersonExampleMap_C' with ClassGeneratedBy '/Game/ThirdPersonBP/Maps/ThirdPersonExampleMap.ThirdPersonExampleMap:PersistentLevel.ThirdPersonExampleMap'
[2020.11.01-02.26.19:904][690]LogBlueprintUserMessages: Early EndPlayMap Detection: Level '/Game/ThirdPersonBP/Maps/ThirdPersonExampleMap.ThirdPersonExampleMap:PersistentLevel' has LevelScriptBlueprint '/Game/ThirdPersonBP/Maps/ThirdPersonExampleMap.ThirdPersonExampleMap:PersistentLevel.ThirdPersonExampleMap' with GeneratedClass '/Game/ThirdPersonBP/Maps/ThirdPersonExampleMap.ThirdPersonExampleMap_C' with ClassGeneratedBy '/Game/ThirdPersonBP/Maps/ThirdPersonExampleMap.ThirdPersonExampleMap:PersistentLevel.ThirdPersonExampleMap'
[2020.11.01-02.26.19:906][690]LogSlate: Updating window title bar state: overlay mode, drag disabled, window buttons hidden, title bar hidden
[2020.11.01-02.26.19:906][690]LogWorld: BeginTearingDown for /Game/ThirdPersonBP/Maps/UEDPIE_0_ThirdPersonExampleMap
[2020.11.01-02.26.19:906][690]LogWorld: UWorld::CleanupWorld for ThirdPersonExampleMap, bSessionEnded=true, bCleanupResources=true
[2020.11.01-02.26.19:963][690]LogPlayLevel: Display: Shutting down PIE online subsystems
[2020.11.01-02.26.19:964][690]LogBlueprintUserMessages: Late EndPlayMap Detection: Level '/Game/ThirdPersonBP/Maps/ThirdPersonExampleMap.ThirdPersonExampleMap:PersistentLevel' has LevelScriptBlueprint '/Game/ThirdPersonBP/Maps/ThirdPersonExampleMap.ThirdPersonExampleMap:PersistentLevel.ThirdPersonExampleMap' with GeneratedClass '/Game/ThirdPersonBP/Maps/ThirdPersonExampleMap.ThirdPersonExampleMap_C' with ClassGeneratedBy '/Game/ThirdPersonBP/Maps/ThirdPersonExampleMap.ThirdPersonExampleMap:PersistentLevel.ThirdPersonExampleMap'
[2020.11.01-02.26.20:065][690]LogSlate: Updating window title bar state: overlay mode, drag disabled, window buttons hidden, title bar hidden
[2020.11.01-02.26.20:075][690]LogUObjectHash: Compacting FUObjectHashTables data took   6.36ms
[2020.11.01-02.26.20:127][691]LogPlayLevel: Display: Destroying online subsystem :Context_2
[2020.11.01-02.26.26:515][835]LogSlate: FSceneViewport::OnFocusLost() reason 5
[2020.11.01-02.26.29:760][872]LogUProjectInfo: Found projects:
[2020.11.01-02.26.29:780][872]LogSlate: FSceneViewport::OnFocusLost() reason 5
[2020.11.01-02.36.44:537][958]LogSlate: Window 'Open Project' being destroyed
[2020.11.01-02.36.44:615][958]LogUObjectHash: Compacting FUObjectHashTables data took   1.14ms
[2020.11.01-02.36.44:718][958]LogSlate: Window 'MyProject2 - Unreal Editor' being destroyed
[2020.11.01-02.36.44:978][958]LogWindowsTextInputMethodSystem: Display: IME system now deactivated.
